#
# A fatal error has been detected by the Java Runtime Environment:
#
#  Internal Error (javaCalls.cpp:51), pid=5244, tid=0x0000000000007bf4
#  guarantee(thread->is_Java_thread()) failed: crucial check - the VM thread cannot and must not escape to Java code
#
# JRE version: Java(TM) SE Runtime Environment (8.0_181-b13) (build 1.8.0_181-b13)
# Java VM: Java HotSpot(TM) 64-Bit Server VM (25.181-b13 mixed mode windows-amd64 compressed oops)
# Failed to write core dump. Minidumps are not enabled by default on client versions of Windows
#
# If you would like to submit a bug report, please visit:
#   http://bugreport.java.com/bugreport/crash.jsp
#

---------------  T H R E A D  ---------------

Current thread (0x0000000017848000):  VMThread [stack: 0x00000000188d0000,0x00000000189d0000] [id=31732]

Stack: [0x00000000188d0000,0x00000000189d0000]
[error occurred during error reporting (printing stack bounds), id 0xc0000005]

Native frames: (J=compiled Java code, j=interpreted, Vv=VM code, C=native code)

VM_Operation (0x0000000018fbf6e0): GetOrSetLocal, mode: safepoint, requested by thread 0x0000000017889000


---------------  P R O C E S S  ---------------

Java Threads: ( => current thread )
  0x0000000019f13800 JavaThread "Prism Font Disposer" daemon [_thread_blocked, id=21288, stack(0x0000000022d10000,0x0000000022e10000)]
  0x0000000019d32800 JavaThread "Thread-3" daemon [_thread_blocked, id=26920, stack(0x0000000021610000,0x0000000021710000)]
  0x0000000019d2c800 JavaThread "JavaFX-Launcher" [_thread_blocked, id=37368, stack(0x0000000021710000,0x0000000021810000)]
  0x0000000019cf1000 JavaThread "JavaFX Application Thread" [_thread_blocked, id=17128, stack(0x000000001a840000,0x000000001a940000)]
  0x0000000019cf0800 JavaThread "Thread-1" daemon [_thread_blocked, id=23160, stack(0x000000001a740000,0x000000001a840000)]
  0x0000000019c34000 JavaThread "QuantumRenderer-0" daemon [_thread_blocked, id=9564, stack(0x000000001a420000,0x000000001a520000)]
  0x00000000192dc000 JavaThread "Service Thread" daemon [_thread_blocked, id=18588, stack(0x00000000198c0000,0x00000000199c0000)]
  0x000000001928e000 JavaThread "C1 CompilerThread2" daemon [_thread_blocked, id=33332, stack(0x00000000197c0000,0x00000000198c0000)]
  0x000000001923d800 JavaThread "C2 CompilerThread1" daemon [_thread_blocked, id=14844, stack(0x00000000196c0000,0x00000000197c0000)]
  0x000000001923b800 JavaThread "C2 CompilerThread0" daemon [_thread_blocked, id=37632, stack(0x00000000195c0000,0x00000000196c0000)]
  0x000000001789b000 JavaThread "JDWP Command Reader" daemon [_thread_in_native, id=15680, stack(0x00000000190c0000,0x00000000191c0000)]
  0x0000000017897800 JavaThread "JDWP Event Helper Thread" daemon [_thread_blocked, id=38668, stack(0x0000000018fc0000,0x00000000190c0000)]
  0x0000000017889000 JavaThread "JDWP Transport Listener: dt_socket" daemon [_thread_blocked, id=19624, stack(0x0000000018ec0000,0x0000000018fc0000)]
  0x000000001787d800 JavaThread "Attach Listener" daemon [_thread_blocked, id=32428, stack(0x0000000018dc0000,0x0000000018ec0000)]
  0x0000000002d8e000 JavaThread "Signal Dispatcher" daemon [_thread_blocked, id=37212, stack(0x0000000018cc0000,0x0000000018dc0000)]
  0x0000000017870800 JavaThread "Finalizer" daemon [_thread_blocked, id=37188, stack(0x0000000018ad0000,0x0000000018bd0000)]
  0x0000000017849000 JavaThread "Reference Handler" daemon [_thread_blocked, id=34072, stack(0x00000000189d0000,0x0000000018ad0000)]
  0x0000000002c93800 JavaThread "main" [_thread_blocked, id=23060, stack(0x00000000029c0000,0x0000000002ac0000)]

Other Threads:
=>0x0000000017848000 VMThread [stack: 0x00000000188d0000,0x00000000189d0000] [id=31732]
  0x000000001930b000 WatcherThread [stack: 0x00000000199c0000,0x0000000019ac0000] [id=37216]

VM state:at safepoint (normal execution)

VM Mutex/Monitor currently owned by a thread:  ([mutex/lock_event])
[0x0000000002c90a50] Threads_lock - owner thread: 0x0000000017848000

Heap:
 PSYoungGen      total 37888K, used 29497K [0x00000000d6000000, 0x00000000d8a00000, 0x0000000100000000)
  eden space 32768K, 90% used [0x00000000d6000000,0x00000000d7cce598,0x00000000d8000000)
  from space 5120K, 0% used [0x00000000d8500000,0x00000000d8500000,0x00000000d8a00000)
  to   space 5120K, 0% used [0x00000000d8000000,0x00000000d8000000,0x00000000d8500000)
 ParOldGen       total 86016K, used 0K [0x0000000082000000, 0x0000000087400000, 0x00000000d6000000)
  object space 86016K, 0% used [0x0000000082000000,0x0000000082000000,0x0000000087400000)
 Metaspace       used 12076K, capacity 12482K, committed 12800K, reserved 1060864K
  class space    used 1587K, capacity 1710K, committed 1792K, reserved 1048576K

Card table byte_map: [0x0000000012150000,0x0000000012550000] byte_map_base: 0x0000000011d40000

Marking Bits: (ParMarkBitMap*) 0x0000000059672d00
 Begin Bits: [0x0000000012bf0000, 0x0000000014b70000)
 End Bits:   [0x0000000014b70000, 0x0000000016af0000)

Polling page: 0x0000000000c30000

CodeCache: size=245760Kb used=3235Kb max_used=3243Kb free=242525Kb
 bounds [0x0000000002d90000, 0x00000000030c0000, 0x0000000011d90000]
 total_blobs=1291 nmethods=821 adapters=391
 compilation: enabled

Compilation events (10 events):
Event: 228.096 Thread 0x000000001923d800  817       4       com.sun.javafx.tk.quantum.QuantumToolkit$$Lambda$42/1024084302::run (8 bytes)
Event: 228.097 Thread 0x000000001923b800  818       4       com.sun.javafx.tk.quantum.QuantumToolkit::postPulse (148 bytes)
Event: 228.099 Thread 0x000000001923d800 nmethod 817 0x00000000030bb4d0 code [0x00000000030bb620, 0x00000000030bb898]
Event: 228.100 Thread 0x000000001923b800 nmethod 818 0x00000000030b1a90 code [0x00000000030b1be0, 0x00000000030b1df8]
Event: 228.192 Thread 0x000000001928e000  819       3       java.util.AbstractList$Itr::<init> (6 bytes)
Event: 228.193 Thread 0x000000001928e000 nmethod 819 0x00000000030bafd0 code [0x00000000030bb140, 0x00000000030bb390]
Event: 228.193 Thread 0x000000001928e000  820       3       java.util.AbstractList$Itr::<init> (31 bytes)
Event: 228.193 Thread 0x000000001928e000 nmethod 820 0x00000000030bab90 code [0x00000000030bad00, 0x00000000030baef0]
Event: 228.419 Thread 0x000000001928e000  821       1       javafx.scene.Node::getStyleClass (5 bytes)
Event: 228.419 Thread 0x000000001928e000 nmethod 821 0x00000000030ba8d0 code [0x00000000030baa20, 0x00000000030bab30]

GC Heap History (0 events):
No events

Deoptimization events (6 events):
Event: 3.478 Thread 0x0000000002c93800 Uncommon trap: reason=null_check action=make_not_entrant pc=0x0000000002eb3934 method=java.lang.String.equals(Ljava/lang/Object;)Z @ 8
Event: 3.713 Thread 0x0000000002c93800 Uncommon trap: reason=unstable_if action=reinterpret pc=0x0000000002f59378 method=java.lang.String.replace(CC)Ljava/lang/String; @ 26
Event: 4.376 Thread 0x0000000019cf1000 Uncommon trap: reason=unstable_if action=reinterpret pc=0x0000000002f86db0 method=java.lang.String.indexOf([CII[CIII)I @ 134
Event: 4.476 Thread 0x0000000019cf1000 Uncommon trap: reason=unstable_if action=reinterpret pc=0x000000000302c8e8 method=java.io.BufferedInputStream.read()I @ 8
Event: 4.505 Thread 0x0000000019cf1000 Uncommon trap: reason=unstable_if action=reinterpret pc=0x000000000300f90c method=java.util.HashMap.getNode(ILjava/lang/Object;)Ljava/util/HashMap$Node; @ 84
Event: 4.505 Thread 0x0000000019cf1000 Uncommon trap: reason=unstable_if action=reinterpret pc=0x000000000300a260 method=java.util.HashMap.getNode(ILjava/lang/Object;)Ljava/util/HashMap$Node; @ 84

Classes redefined (3 events):
Event: 53.810 Thread 0x0000000017848000 redefined class name=sample.LoginMenu.LoginMenuController, count=1
Event: 3202.399 Thread 0x0000000017848000 redefined class name=sample.LoginMenu.LoginMenuController, count=2
Event: 6099.087 Thread 0x0000000017848000 redefined class name=sample.LoginMenu.LoginMenuController, count=3

Internal exceptions (10 events):
Event: 3.409 Thread 0x0000000002c93800 Exception <a 'java/security/PrivilegedActionException'> (0x00000000d6535d88) thrown at [C:\re\workspace\8-2-build-windows-amd64-cygwin\jdk8u181\11358\hotspot\src\share\vm\prims\jvm.cpp, line 1435]
Event: 3.409 Thread 0x0000000002c93800 Exception <a 'java/security/PrivilegedActionException'> (0x00000000d6535f98) thrown at [C:\re\workspace\8-2-build-windows-amd64-cygwin\jdk8u181\11358\hotspot\src\share\vm\prims\jvm.cpp, line 1435]
Event: 3.415 Thread 0x0000000002c93800 Exception <a 'java/lang/NullPointerException'> (0x00000000d6538518) thrown at [C:\re\workspace\8-2-build-windows-amd64-cygwin\jdk8u181\11358\hotspot\src\share\vm\interpreter\linkResolver.cpp, line 1185]
Event: 3.477 Thread 0x0000000002c93800 Implicit null exception at 0x0000000002eb369a to 0x0000000002eb3925
Event: 4.318 Thread 0x0000000019cf1000 Exception <a 'java/lang/NullPointerException'> (0x00000000d72ff280) thrown at [C:\re\workspace\8-2-build-windows-amd64-cygwin\jdk8u181\11358\hotspot\src\share\vm\interpreter\linkResolver.cpp, line 1185]
Event: 4.318 Thread 0x0000000019cf1000 Exception <a 'java/lang/NullPointerException'> (0x00000000d72ff280) thrown at [C:\re\workspace\8-2-build-windows-amd64-cygwin\jdk8u181\11358\hotspot\src\share\vm\prims\jvm.cpp, line 1439]
Event: 4.600 Thread 0x0000000019cf1000 Exception <a 'java/lang/ArrayIndexOutOfBoundsException'> (0x00000000d79205a0) thrown at [C:\re\workspace\8-2-build-windows-amd64-cygwin\jdk8u181\11358\hotspot\src\share\vm\runtime\sharedRuntime.cpp, line 605]
Event: 4.601 Thread 0x0000000019cf1000 Exception <a 'java/lang/ArrayIndexOutOfBoundsException'> (0x00000000d7922b58) thrown at [C:\re\workspace\8-2-build-windows-amd64-cygwin\jdk8u181\11358\hotspot\src\share\vm\runtime\sharedRuntime.cpp, line 605]
Event: 4.601 Thread 0x0000000019cf1000 Exception <a 'java/lang/ArrayIndexOutOfBoundsException'> (0x00000000d7924a00) thrown at [C:\re\workspace\8-2-build-windows-amd64-cygwin\jdk8u181\11358\hotspot\src\share\vm\runtime\sharedRuntime.cpp, line 605]
Event: 4.737 Thread 0x0000000019cf1000 Exception <a 'java/lang/ArrayIndexOutOfBoundsException'> (0x00000000d7c0be88) thrown at [C:\re\workspace\8-2-build-windows-amd64-cygwin\jdk8u181\11358\hotspot\src\share\vm\runtime\sharedRuntime.cpp, line 605]

Events (10 events):
Event: 3203.140 Executing VM operation: ForceSafepoint done
Event: 3310.735 Executing VM operation: ChangeBreakpoints
Event: 3310.735 Executing VM operation: ChangeBreakpoints done
Event: 3310.768 Executing VM operation: ChangeBreakpoints
Event: 3310.769 Executing VM operation: ChangeBreakpoints done
Event: 6099.063 Executing VM operation: ChangeBreakpoints
Event: 6099.063 Executing VM operation: ChangeBreakpoints done
Event: 6099.080 Executing VM operation: RedefineClasses
Event: 6099.087 Executing VM operation: RedefineClasses done
Event: 6099.091 Executing VM operation: GetOrSetLocal


Dynamic libraries:
0x00007ff7a0600000 - 0x00007ff7a0637000 	C:\Program Files\Java\jdk1.8.0_181\bin\java.exe
0x00007ffd38630000 - 0x00007ffd38811000 	C:\WINDOWS\SYSTEM32\ntdll.dll
0x00007ffd36ef0000 - 0x00007ffd36fa2000 	C:\WINDOWS\System32\KERNEL32.DLL
0x00007ffd35710000 - 0x00007ffd35983000 	C:\WINDOWS\System32\KERNELBASE.dll
0x00007ffd35e20000 - 0x00007ffd35ec1000 	C:\WINDOWS\System32\ADVAPI32.dll
0x00007ffd36850000 - 0x00007ffd368ee000 	C:\WINDOWS\System32\msvcrt.dll
0x00007ffd362b0000 - 0x00007ffd3630b000 	C:\WINDOWS\System32\sechost.dll
0x00007ffd36710000 - 0x00007ffd36834000 	C:\WINDOWS\System32\RPCRT4.dll
0x00007ffd36310000 - 0x00007ffd364a0000 	C:\WINDOWS\System32\USER32.dll
0x00007ffd34b50000 - 0x00007ffd34b70000 	C:\WINDOWS\System32\win32u.dll
0x00007ffd36280000 - 0x00007ffd362a8000 	C:\WINDOWS\System32\GDI32.dll
0x00007ffd34b70000 - 0x00007ffd34d02000 	C:\WINDOWS\System32\gdi32full.dll
0x00007ffd34a00000 - 0x00007ffd34a9f000 	C:\WINDOWS\System32\msvcp_win.dll
0x00007ffd34f00000 - 0x00007ffd34ffa000 	C:\WINDOWS\System32\ucrtbase.dll
0x00007ffd2a770000 - 0x00007ffd2a9d9000 	C:\WINDOWS\WinSxS\amd64_microsoft.windows.common-controls_6595b64144ccf1df_6.0.17134.345_none_fb429a5930656358\COMCTL32.dll
0x00007ffd35ed0000 - 0x00007ffd361f3000 	C:\WINDOWS\System32\combase.dll
0x00007ffd359e0000 - 0x00007ffd35a5a000 	C:\WINDOWS\System32\bcryptPrimitives.dll
0x00007ffd35b20000 - 0x00007ffd35b4d000 	C:\WINDOWS\System32\IMM32.DLL
0x0000000059700000 - 0x00000000597d2000 	C:\Program Files\Java\jdk1.8.0_181\jre\bin\msvcr100.dll
0x0000000058e50000 - 0x00000000596f2000 	C:\Program Files\Java\jdk1.8.0_181\jre\bin\server\jvm.dll
0x00007ffd368f0000 - 0x00007ffd368f8000 	C:\WINDOWS\System32\PSAPI.DLL
0x00007ffd236a0000 - 0x00007ffd236a9000 	C:\WINDOWS\SYSTEM32\WSOCK32.dll
0x00007ffd38580000 - 0x00007ffd385ec000 	C:\WINDOWS\System32\WS2_32.dll
0x00007ffd30b60000 - 0x00007ffd30b83000 	C:\WINDOWS\SYSTEM32\WINMM.dll
0x00007ffd291e0000 - 0x00007ffd291ea000 	C:\WINDOWS\SYSTEM32\VERSION.dll
0x00007ffd30b30000 - 0x00007ffd30b5a000 	C:\WINDOWS\SYSTEM32\WINMMBASE.dll
0x00007ffd35990000 - 0x00007ffd359d9000 	C:\WINDOWS\System32\cfgmgr32.dll
0x000000005a890000 - 0x000000005a89f000 	C:\Program Files\Java\jdk1.8.0_181\jre\bin\verify.dll
0x000000005a860000 - 0x000000005a889000 	C:\Program Files\Java\jdk1.8.0_181\jre\bin\java.dll
0x0000000058270000 - 0x00000000582a5000 	C:\Program Files\Java\jdk1.8.0_181\jre\bin\jdwp.dll
0x000000005a850000 - 0x000000005a858000 	C:\Program Files\Java\jdk1.8.0_181\jre\bin\npt.dll
0x0000000058370000 - 0x0000000058393000 	C:\Program Files\Java\jdk1.8.0_181\jre\bin\instrument.dll
0x000000005a250000 - 0x000000005a266000 	C:\Program Files\Java\jdk1.8.0_181\jre\bin\zip.dll
0x00007ffd37140000 - 0x00007ffd3857f000 	C:\WINDOWS\System32\SHELL32.dll
0x00007ffd36660000 - 0x00007ffd36709000 	C:\WINDOWS\System32\shcore.dll
0x00007ffd35000000 - 0x00007ffd3570d000 	C:\WINDOWS\System32\windows.storage.dll
0x00007ffd36600000 - 0x00007ffd36651000 	C:\WINDOWS\System32\shlwapi.dll
0x00007ffd349e0000 - 0x00007ffd349f1000 	C:\WINDOWS\System32\kernel.appcore.dll
0x00007ffd34950000 - 0x00007ffd3496f000 	C:\WINDOWS\System32\profapi.dll
0x00007ffd34990000 - 0x00007ffd349dc000 	C:\WINDOWS\System32\powrprof.dll
0x00007ffd34940000 - 0x00007ffd3494a000 	C:\WINDOWS\System32\FLTLIB.DLL
0x000000005a240000 - 0x000000005a249000 	C:\Program Files\Java\jdk1.8.0_181\jre\bin\dt_socket.dll
0x00007ffd34160000 - 0x00007ffd341c6000 	C:\WINDOWS\system32\mswsock.dll
0x0000000002940000 - 0x0000000002943000 	C:\Program Files\Java\jdk1.8.0_181\jre\bin\api-ms-win-core-console-l1-1-0.dll
0x0000000002950000 - 0x0000000002953000 	C:\Program Files\Java\jdk1.8.0_181\jre\bin\api-ms-win-core-datetime-l1-1-0.dll
0x0000000002960000 - 0x0000000002963000 	C:\Program Files\Java\jdk1.8.0_181\jre\bin\api-ms-win-core-debug-l1-1-0.dll
0x0000000002970000 - 0x0000000002973000 	C:\Program Files\Java\jdk1.8.0_181\jre\bin\api-ms-win-core-errorhandling-l1-1-0.dll
0x0000000002980000 - 0x0000000002984000 	C:\Program Files\Java\jdk1.8.0_181\jre\bin\api-ms-win-core-file-l1-1-0.dll
0x0000000002990000 - 0x0000000002993000 	C:\Program Files\Java\jdk1.8.0_181\jre\bin\api-ms-win-core-file-l1-2-0.dll
0x00000000029a0000 - 0x00000000029a3000 	C:\Program Files\Java\jdk1.8.0_181\jre\bin\api-ms-win-core-file-l2-1-0.dll
0x0000000002ac0000 - 0x0000000002ac3000 	C:\Program Files\Java\jdk1.8.0_181\jre\bin\api-ms-win-core-handle-l1-1-0.dll
0x0000000002be0000 - 0x0000000002be3000 	C:\Program Files\Java\jdk1.8.0_181\jre\bin\api-ms-win-core-heap-l1-1-0.dll
0x0000000002bf0000 - 0x0000000002bf3000 	C:\Program Files\Java\jdk1.8.0_181\jre\bin\api-ms-win-core-interlocked-l1-1-0.dll
0x0000000002c00000 - 0x0000000002c03000 	C:\Program Files\Java\jdk1.8.0_181\jre\bin\api-ms-win-core-libraryloader-l1-1-0.dll
0x0000000002c10000 - 0x0000000002c13000 	C:\Program Files\Java\jdk1.8.0_181\jre\bin\api-ms-win-core-localization-l1-2-0.dll
0x0000000002c20000 - 0x0000000002c23000 	C:\Program Files\Java\jdk1.8.0_181\jre\bin\api-ms-win-core-memory-l1-1-0.dll
0x0000000002c30000 - 0x0000000002c33000 	C:\Program Files\Java\jdk1.8.0_181\jre\bin\api-ms-win-core-namedpipe-l1-1-0.dll
0x0000000002c40000 - 0x0000000002c43000 	C:\Program Files\Java\jdk1.8.0_181\jre\bin\api-ms-win-core-processenvironment-l1-1-0.dll
0x0000000002c50000 - 0x0000000002c53000 	C:\Program Files\Java\jdk1.8.0_181\jre\bin\api-ms-win-core-processthreads-l1-1-0.dll
0x0000000002c60000 - 0x0000000002c63000 	C:\Program Files\Java\jdk1.8.0_181\jre\bin\api-ms-win-core-processthreads-l1-1-1.dll
0x0000000002c70000 - 0x0000000002c73000 	C:\Program Files\Java\jdk1.8.0_181\jre\bin\api-ms-win-core-profile-l1-1-0.dll
0x0000000019ac0000 - 0x0000000019ac3000 	C:\Program Files\Java\jdk1.8.0_181\jre\bin\api-ms-win-core-rtlsupport-l1-1-0.dll
0x0000000019ad0000 - 0x0000000019ad3000 	C:\Program Files\Java\jdk1.8.0_181\jre\bin\api-ms-win-core-string-l1-1-0.dll
0x0000000019ae0000 - 0x0000000019ae3000 	C:\Program Files\Java\jdk1.8.0_181\jre\bin\api-ms-win-core-synch-l1-1-0.dll
0x0000000019af0000 - 0x0000000019af3000 	C:\Program Files\Java\jdk1.8.0_181\jre\bin\api-ms-win-core-synch-l1-2-0.dll
0x0000000019b00000 - 0x0000000019b03000 	C:\Program Files\Java\jdk1.8.0_181\jre\bin\api-ms-win-core-sysinfo-l1-1-0.dll
0x0000000019b10000 - 0x0000000019b13000 	C:\Program Files\Java\jdk1.8.0_181\jre\bin\api-ms-win-core-timezone-l1-1-0.dll
0x0000000019b20000 - 0x0000000019b23000 	C:\Program Files\Java\jdk1.8.0_181\jre\bin\api-ms-win-core-util-l1-1-0.dll
0x0000000019b30000 - 0x0000000019b33000 	C:\Program Files\Java\jdk1.8.0_181\jre\bin\api-ms-win-crt-conio-l1-1-0.dll
0x0000000019b40000 - 0x0000000019b44000 	C:\Program Files\Java\jdk1.8.0_181\jre\bin\api-ms-win-crt-convert-l1-1-0.dll
0x0000000019b50000 - 0x0000000019b53000 	C:\Program Files\Java\jdk1.8.0_181\jre\bin\api-ms-win-crt-environment-l1-1-0.dll
0x0000000019b60000 - 0x0000000019b63000 	C:\Program Files\Java\jdk1.8.0_181\jre\bin\api-ms-win-crt-filesystem-l1-1-0.dll
0x0000000019b70000 - 0x0000000019b73000 	C:\Program Files\Java\jdk1.8.0_181\jre\bin\api-ms-win-crt-heap-l1-1-0.dll
0x0000000019b80000 - 0x0000000019b83000 	C:\Program Files\Java\jdk1.8.0_181\jre\bin\api-ms-win-crt-locale-l1-1-0.dll
0x0000000019b90000 - 0x0000000019b95000 	C:\Program Files\Java\jdk1.8.0_181\jre\bin\api-ms-win-crt-math-l1-1-0.dll
0x0000000019ba0000 - 0x0000000019ba5000 	C:\Program Files\Java\jdk1.8.0_181\jre\bin\api-ms-win-crt-multibyte-l1-1-0.dll
0x0000000019bb0000 - 0x0000000019bc0000 	C:\Program Files\Java\jdk1.8.0_181\jre\bin\api-ms-win-crt-private-l1-1-0.dll
0x0000000019bc0000 - 0x0000000019bc3000 	C:\Program Files\Java\jdk1.8.0_181\jre\bin\api-ms-win-crt-process-l1-1-0.dll
0x0000000019bd0000 - 0x0000000019bd4000 	C:\Program Files\Java\jdk1.8.0_181\jre\bin\api-ms-win-crt-runtime-l1-1-0.dll
0x0000000019be0000 - 0x0000000019be4000 	C:\Program Files\Java\jdk1.8.0_181\jre\bin\api-ms-win-crt-stdio-l1-1-0.dll
0x0000000019bf0000 - 0x0000000019bf4000 	C:\Program Files\Java\jdk1.8.0_181\jre\bin\api-ms-win-crt-string-l1-1-0.dll
0x0000000019c00000 - 0x0000000019c03000 	C:\Program Files\Java\jdk1.8.0_181\jre\bin\api-ms-win-crt-time-l1-1-0.dll
0x0000000019c10000 - 0x0000000019c13000 	C:\Program Files\Java\jdk1.8.0_181\jre\bin\api-ms-win-crt-utility-l1-1-0.dll
0x00007ffce99b0000 - 0x00007ffce9aa6000 	C:\Program Files\Java\jdk1.8.0_181\jre\bin\ucrtbase.dll
0x00007ffd1f5f0000 - 0x00007ffd1f606000 	C:\Program Files\Java\jdk1.8.0_181\jre\bin\vcruntime140.dll
0x00007ffcf44f0000 - 0x00007ffcf458c000 	C:\Program Files\Java\jdk1.8.0_181\jre\bin\msvcp140.dll
0x00007ffd090d0000 - 0x00007ffd09121000 	C:\Program Files\Java\jdk1.8.0_181\jre\bin\concrt140.dll
0x0000000058340000 - 0x0000000058363000 	C:\Program Files\Java\jdk1.8.0_181\jre\bin\prism_d3d.dll
0x00007ffce90b0000 - 0x00007ffce9247000 	C:\WINDOWS\system32\d3d9.dll
0x00007ffd326a0000 - 0x00007ffd326c9000 	C:\WINDOWS\SYSTEM32\dwmapi.dll
0x00007ffd32360000 - 0x00007ffd323f8000 	C:\WINDOWS\system32\uxtheme.dll
0x00007ffce0bb0000 - 0x00007ffce0d87000 	C:\WINDOWS\System32\DriverStore\FileRepository\k127153.inf_amd64_3f3936d8dec668b8\igdumdim64.dll
0x00007ffcddbb0000 - 0x00007ffce0bad000 	C:\WINDOWS\System32\DriverStore\FileRepository\k127153.inf_amd64_3f3936d8dec668b8\igd9dxva64.dll
0x00007ffd364a0000 - 0x00007ffd365f1000 	C:\WINDOWS\System32\ole32.dll
0x00007ffd35cf0000 - 0x00007ffd35db2000 	C:\WINDOWS\System32\OLEAUT32.dll
0x00000000582f0000 - 0x0000000058339000 	C:\Program Files\Java\jdk1.8.0_181\jre\bin\glass.dll
0x00007ffd37050000 - 0x00007ffd3713d000 	C:\WINDOWS\System32\COMDLG32.dll
0x00007ffd36900000 - 0x00007ffd36a74000 	C:\WINDOWS\System32\MSCTF.dll
0x00007ffd26030000 - 0x00007ffd27dc5000 	C:\WINDOWS\System32\DriverStore\FileRepository\k127153.inf_amd64_3f3936d8dec668b8\igc64.dll
0x00000000582d0000 - 0x00000000582e4000 	C:\Program Files\Java\jdk1.8.0_181\jre\bin\javafx_font.dll
0x00007ffd24710000 - 0x00007ffd24a2c000 	C:\WINDOWS\SYSTEM32\dwrite.dll

VM Arguments:
jvm_args: -agentlib:jdwp=transport=dt_socket,address=127.0.0.1:53084,suspend=y,server=n -javaagent:C:\Users\BIGGRE~1\AppData\Local\Temp\captureAgentjars\debugger-agent.jar=file:/C:/Users/BIGGRE~1/AppData/Local/Temp/capture.props -Dfile.encoding=UTF-8 
java_command: sample.Main
java_class_path (initial): C:\Program Files\Java\jdk1.8.0_181\jre\lib\charsets.jar;C:\Program Files\Java\jdk1.8.0_181\jre\lib\deploy.jar;C:\Program Files\Java\jdk1.8.0_181\jre\lib\ext\access-bridge-64.jar;C:\Program Files\Java\jdk1.8.0_181\jre\lib\ext\cldrdata.jar;C:\Program Files\Java\jdk1.8.0_181\jre\lib\ext\dnsns.jar;C:\Program Files\Java\jdk1.8.0_181\jre\lib\ext\jaccess.jar;C:\Program Files\Java\jdk1.8.0_181\jre\lib\ext\jfxrt.jar;C:\Program Files\Java\jdk1.8.0_181\jre\lib\ext\localedata.jar;C:\Program Files\Java\jdk1.8.0_181\jre\lib\ext\nashorn.jar;C:\Program Files\Java\jdk1.8.0_181\jre\lib\ext\sunec.jar;C:\Program Files\Java\jdk1.8.0_181\jre\lib\ext\sunjce_provider.jar;C:\Program Files\Java\jdk1.8.0_181\jre\lib\ext\sunmscapi.jar;C:\Program Files\Java\jdk1.8.0_181\jre\lib\ext\sunpkcs11.jar;C:\Program Files\Java\jdk1.8.0_181\jre\lib\ext\zipfs.jar;C:\Program Files\Java\jdk1.8.0_181\jre\lib\javaws.jar;C:\Program Files\Java\jdk1.8.0_181\jre\lib\jce.jar;C:\Program Files\Java\jdk1.8.0_181\jre\lib\jfr.jar;C:\Program Files\Java\jdk1.8.0_181\jre\lib\jfxswt.jar;C:\Program Files\Java\jdk1.8.0_181\jre\lib\jsse.jar;C:\Program Files\Java\jdk1.8.0_181\jre\lib\management-agent.jar;C:\Program Files\Java\jdk1.8.0_181\jre\lib\plugin.jar;C:\Program Files\Java\jdk1.8.0_181\jre\lib\resources.jar;C:\Program Files\Java\jdk1.8.0_181\jre\lib\rt.jar;C:\Users\Big Green\IdeaProjects\ResortProject\out\production\ResortProject;C:\Program Files\JetBrains\IntelliJ IDEA 2018.2.3\lib\idea_rt.jar;C:\Users\BIGGRE~1\AppData\Local\Temp\captureAgentjars\debugger-agent.jar
Launcher Type: SUN_STANDARD

Environment Variables:
PATH=C:\Program Files (x86)\Common Files\Oracle\Java\javapath;C:\Program Files (x86)\Intel\Intel(R) Management Engine Components\iCLS\;C:\Program Files\Intel\Intel(R) Management Engine Components\iCLS\;C:\WINDOWS\system32;C:\WINDOWS;C:\WINDOWS\System32\Wbem;C:\WINDOWS\System32\WindowsPowerShell\v1.0\;C:\Program Files (x86)\Intel\Intel(R) Management Engine Components\DAL;C:\Program Files\Intel\Intel(R) Management Engine Components\DAL;C:\Program Files (x86)\Intel\Intel(R) Management Engine Components\IPT;C:\Program Files\Intel\Intel(R) Management Engine Components\IPT;C:\WINDOWS\System32\OpenSSH\;C:\Users\Big Green\AppData\Local\Microsoft\WindowsApps;C:\Users\Big Green\AppData\Local\Programs\Git\cmd;C:\Users\Big Green\AppData\Local\GitHubDesktop\bin;%USERPROFILE%\AppData\Local\Microsoft\WindowsApps;
USERNAME=Big Green
OS=Windows_NT
PROCESSOR_IDENTIFIER=Intel64 Family 6 Model 142 Stepping 9, GenuineIntel



---------------  S Y S T E M  ---------------

OS: Windows 10.0 , 64 bit Build 17134 (10.0.17134.1)

CPU:total 4 (initial active 4) (2 cores per cpu, 2 threads per core) family 6 model 142 stepping 9, cmov, cx8, fxsr, mmx, sse, sse2, sse3, ssse3, sse4.1, sse4.2, popcnt, avx, avx2, aes, clmul, erms, 3dnowpref, lzcnt, ht, tsc, tscinvbit, bmi1, bmi2, adx

Memory: 4k page, physical 8251488k(1923596k free), swap 25028304k(4276116k free)

vm_info: Java HotSpot(TM) 64-Bit Server VM (25.181-b13) for windows-amd64 JRE (1.8.0_181-b13), built on Jul  7 2018 04:01:33 by "java_re" with MS VC++ 10.0 (VS2010)

time: Mon Nov 05 17:47:40 2018
elapsed time: 6099 seconds (0d 1h 41m 39s)

