#
# A fatal error has been detected by the Java Runtime Environment:
#
#  EXCEPTION_ACCESS_VIOLATION (0xc0000005) at pc=0x000000006ee57066, pid=30056, tid=0x0000000000008208
#
# JRE version: Java(TM) SE Runtime Environment (8.0_181-b13) (build 1.8.0_181-b13)
# Java VM: Java HotSpot(TM) 64-Bit Server VM (25.181-b13 mixed mode windows-amd64 compressed oops)
# Problematic frame:
# V  [jvm.dll+0x237066]
#
# Failed to write core dump. Minidumps are not enabled by default on client versions of Windows
#
# If you would like to submit a bug report, please visit:
#   http://bugreport.java.com/bugreport/crash.jsp
#

---------------  T H R E A D  ---------------

Current thread (0x0000000017ff8000):  VMThread [stack: 0x0000000019080000,0x0000000019180000] [id=33288]

siginfo: ExceptionCode=0xc0000005, reading address 0x0000000000000008

Registers:
RAX=0x0000000000000000, RBX=0x000000001917e7f0, RCX=0x000000001917e7f0, RDX=0x0000000000000028
RSP=0x000000001917e520, RBP=0x000000001917ed30, RSI=0x0000000000000000, RDI=0x000000001917eec0
R8 =0x0000000000000000, R9 =0x0000000017bd25d0, R10=0x0000000000000008, R11=0x000000006f227f18
R12=0x0000000017f054c0, R13=0x000000001917ecf0, R14=0x00000000000003d8, R15=0x000000001917ece0
RIP=0x000000006ee57066, EFLAGS=0x0000000000010206

Top of Stack: (sp=0x000000001917e520)
0x000000001917e520:   0000000000000000 000000006ee570b3
0x000000001917e530:   0000000000000000 0000000000000000
0x000000001917e540:   0000000000000000 0000000000000000
0x000000001917e550:   0000000000000000 000000006ee570b3
0x000000001917e560:   0000000000000000 0000000000000000
0x000000001917e570:   0000000000000000 000000006ee572ab
0x000000001917e580:   0000000000000000 0000000000000000
0x000000001917e590:   00006b62530363a2 0000000000000000
0x000000001917e5a0:   0000000000000000 000000006ee574ef
0x000000001917e5b0:   000000001917e730 0000000000000000
0x000000001917e5c0:   0000000000000000 0000000000000000
0x000000001917e5d0:   0000000000000000 0000000000000000
0x000000001917e5e0:   0000000000000000 000000006ee570b3
0x000000001917e5f0:   0000000000000000 0000000000000000
0x000000001917e600:   0000000000000000 0000000000000000
0x000000001917e610:   0000000003230000 00007ff8911e5c52 

Instructions: (pc=0x000000006ee57066)
0x000000006ee57046:   01 00 00 48 8b 05 30 a8 5b 00 48 33 c4 48 89 84
0x000000006ee57056:   24 30 01 00 00 4c 63 41 10 48 8b 41 08 48 8b d9
0x000000006ee57066:   42 38 54 00 08 74 33 44 0f be c2 48 8d 4c 24 20
0x000000006ee57076:   48 8d 15 13 e3 3e 00 e8 ee ec de ff 48 8d 0d 97 


Register to memory mapping:

RAX=0x0000000000000000 is an unknown value
RBX=0x000000001917e7f0 is an unknown value
RCX=0x000000001917e7f0 is an unknown value
RDX=0x0000000000000028 is an unknown value
RSP=0x000000001917e520 is an unknown value
RBP=0x000000001917ed30 is an unknown value
RSI=0x0000000000000000 is an unknown value
RDI=0x000000001917eec0 is an unknown value
R8 =0x0000000000000000 is an unknown value
R9 =0x0000000017bd25d0 is pointing into metadata
R10=0x0000000000000008 is an unknown value
R11=0x000000006f227f18 is an unknown value
R12=0x0000000017f054c0 is an unknown value
R13=0x000000001917ecf0 is an unknown value
R14=0x00000000000003d8 is an unknown value
R15=0x000000001917ece0 is an unknown value


Stack: [0x0000000019080000,0x0000000019180000],  sp=0x000000001917e520,  free space=1017k
Native frames: (J=compiled Java code, j=interpreted, Vv=VM code, C=native code)
V  [jvm.dll+0x237066]
V  [jvm.dll+0x2376e4]
V  [jvm.dll+0xff4a3]
V  [jvm.dll+0x102593]
V  [jvm.dll+0x10305f]
V  [jvm.dll+0x1038a5]
V  [jvm.dll+0x103af2]
V  [jvm.dll+0xc50be]
V  [jvm.dll+0xc5748]
V  [jvm.dll+0xc587a]
V  [jvm.dll+0xc5a78]
V  [jvm.dll+0x10f94a]
V  [jvm.dll+0x12d22f]
V  [jvm.dll+0x1bf3df]
V  [jvm.dll+0x24cc27]
V  [jvm.dll+0x24bec6]
V  [jvm.dll+0x24c361]
V  [jvm.dll+0x24c57e]
V  [jvm.dll+0x29e64a]
C  [msvcr100.dll+0x21d9f]
C  [msvcr100.dll+0x21e3b]
C  [KERNEL32.DLL+0x13034]
C  [ntdll.dll+0x71461]

VM_Operation (0x000000001976f3c0): GetOrSetLocal, mode: safepoint, requested by thread 0x0000000018039800


---------------  P R O C E S S  ---------------

Java Threads: ( => current thread )
  0x000000001a560800 JavaThread "Prism Font Disposer" daemon [_thread_blocked, id=9712, stack(0x00000000233e0000,0x00000000234e0000)]
  0x000000001a3b6000 JavaThread "Thread-3" daemon [_thread_in_Java, id=31624, stack(0x0000000021c80000,0x0000000021d80000)]
  0x000000001a3ca000 JavaThread "JavaFX-Launcher" [_thread_blocked, id=21056, stack(0x0000000021d80000,0x0000000021e80000)]
  0x000000001a3aa800 JavaThread "JavaFX Application Thread" [_thread_blocked, id=9860, stack(0x000000001af50000,0x000000001b050000)]
  0x000000001a3aa000 JavaThread "Thread-1" daemon [_thread_blocked, id=32708, stack(0x000000001ae50000,0x000000001af50000)]
  0x000000001a346800 JavaThread "QuantumRenderer-0" daemon [_thread_blocked, id=24240, stack(0x000000001abc0000,0x000000001acc0000)]
  0x0000000019a4e800 JavaThread "Service Thread" daemon [_thread_blocked, id=10844, stack(0x000000001a070000,0x000000001a170000)]
  0x0000000019a4a800 JavaThread "C1 CompilerThread2" daemon [_thread_blocked, id=29176, stack(0x0000000019f70000,0x000000001a070000)]
  0x0000000019a48000 JavaThread "C2 CompilerThread1" daemon [_thread_blocked, id=33180, stack(0x0000000019e70000,0x0000000019f70000)]
  0x00000000199ec000 JavaThread "C2 CompilerThread0" daemon [_thread_blocked, id=32072, stack(0x0000000019d70000,0x0000000019e70000)]
  0x000000001804b000 JavaThread "JDWP Command Reader" daemon [_thread_in_native, id=32640, stack(0x0000000019870000,0x0000000019970000)]
  0x0000000018047800 JavaThread "JDWP Event Helper Thread" daemon [_thread_blocked, id=30700, stack(0x0000000019770000,0x0000000019870000)]
  0x0000000018039800 JavaThread "JDWP Transport Listener: dt_socket" daemon [_thread_blocked, id=32792, stack(0x0000000019670000,0x0000000019770000)]
  0x000000001802d800 JavaThread "Attach Listener" daemon [_thread_blocked, id=23772, stack(0x0000000019570000,0x0000000019670000)]
  0x000000000353e000 JavaThread "Signal Dispatcher" daemon [_thread_blocked, id=29952, stack(0x0000000019470000,0x0000000019570000)]
  0x0000000018020800 JavaThread "Finalizer" daemon [_thread_blocked, id=32236, stack(0x0000000019280000,0x0000000019380000)]
  0x0000000017ff9000 JavaThread "Reference Handler" daemon [_thread_blocked, id=23492, stack(0x0000000019180000,0x0000000019280000)]
  0x0000000003443800 JavaThread "main" [_thread_blocked, id=25928, stack(0x0000000003240000,0x0000000003340000)]

Other Threads:
=>0x0000000017ff8000 VMThread [stack: 0x0000000019080000,0x0000000019180000] [id=33288]
  0x0000000019a9d800 WatcherThread [stack: 0x000000001a170000,0x000000001a270000] [id=7044]

VM state:at safepoint (normal execution)

VM Mutex/Monitor currently owned by a thread:  ([mutex/lock_event])
[0x0000000003440f50] Threads_lock - owner thread: 0x0000000017ff8000

Heap:
 PSYoungGen      total 37888K, used 29591K [0x00000000d6000000, 0x00000000d8a00000, 0x0000000100000000)
  eden space 32768K, 90% used [0x00000000d6000000,0x00000000d7ce5d40,0x00000000d8000000)
  from space 5120K, 0% used [0x00000000d8500000,0x00000000d8500000,0x00000000d8a00000)
  to   space 5120K, 0% used [0x00000000d8000000,0x00000000d8000000,0x00000000d8500000)
 ParOldGen       total 86016K, used 0K [0x0000000082000000, 0x0000000087400000, 0x00000000d6000000)
  object space 86016K, 0% used [0x0000000082000000,0x0000000082000000,0x0000000087400000)
 Metaspace       used 12180K, capacity 12610K, committed 12800K, reserved 1060864K
  class space    used 1584K, capacity 1710K, committed 1792K, reserved 1048576K

Card table byte_map: [0x0000000012900000,0x0000000012d00000] byte_map_base: 0x00000000124f0000

Marking Bits: (ParMarkBitMap*) 0x000000006f442d00
 Begin Bits: [0x00000000133a0000, 0x0000000015320000)
 End Bits:   [0x0000000015320000, 0x00000000172a0000)

Polling page: 0x0000000000fd0000

CodeCache: size=245760Kb used=3184Kb max_used=3188Kb free=242575Kb
 bounds [0x0000000003540000, 0x0000000003860000, 0x0000000012540000]
 total_blobs=1283 nmethods=812 adapters=392
 compilation: enabled

Compilation events (10 events):
Event: 170.899 Thread 0x0000000019a4a800  808       1       javafx.scene.Node::getStyleClass (5 bytes)
Event: 170.899 Thread 0x0000000019a4a800 nmethod 808 0x000000000385ce90 code [0x000000000385cfe0, 0x000000000385d0f0]
Event: 492.987 Thread 0x0000000019a4a800  809       3       java.util.AbstractList$Itr::<init> (6 bytes)
Event: 492.988 Thread 0x0000000019a4a800 nmethod 809 0x000000000385c990 code [0x000000000385cb00, 0x000000000385cd50]
Event: 543.120 Thread 0x0000000019a4a800  810       3       javafx.beans.property.StringPropertyBase::get (32 bytes)
Event: 543.120 Thread 0x0000000019a4a800 nmethod 810 0x000000000385c3d0 code [0x000000000385c540, 0x000000000385c8a8]
Event: 543.166 Thread 0x0000000019a4a800  811       3       javafx.beans.property.StringPropertyBase::get (5 bytes)
Event: 543.166 Thread 0x0000000019a4a800 nmethod 811 0x000000000385bf90 code [0x000000000385c100, 0x000000000385c328]
Event: 581.195 Thread 0x0000000019a4a800  812       3       javafx.scene.Node::getId (22 bytes)
Event: 581.195 Thread 0x0000000019a4a800 nmethod 812 0x000000000385b9d0 code [0x000000000385bb40, 0x000000000385bea8]

GC Heap History (0 events):
No events

Deoptimization events (6 events):
Event: 0.900 Thread 0x0000000003443800 Uncommon trap: reason=null_check action=make_not_entrant pc=0x000000000365f2b4 method=java.lang.String.equals(Ljava/lang/Object;)Z @ 8
Event: 1.137 Thread 0x0000000003443800 Uncommon trap: reason=unstable_if action=reinterpret pc=0x0000000003703f38 method=java.lang.String.replace(CC)Ljava/lang/String; @ 26
Event: 4.469 Thread 0x000000001a3aa800 Uncommon trap: reason=unstable_if action=reinterpret pc=0x000000000372a930 method=java.lang.String.indexOf([CII[CIII)I @ 134
Event: 4.650 Thread 0x000000001a3aa800 Uncommon trap: reason=unstable_if action=reinterpret pc=0x00000000037d36a8 method=java.io.BufferedInputStream.read()I @ 8
Event: 4.676 Thread 0x000000001a3aa800 Uncommon trap: reason=unstable_if action=reinterpret pc=0x00000000037b364c method=java.util.HashMap.getNode(ILjava/lang/Object;)Ljava/util/HashMap$Node; @ 84
Event: 4.676 Thread 0x000000001a3aa800 Uncommon trap: reason=unstable_if action=reinterpret pc=0x00000000037acb58 method=java.util.HashMap.getNode(ILjava/lang/Object;)Ljava/util/HashMap$Node; @ 84

Classes redefined (7 events):
Event: 108.999 Thread 0x0000000017ff8000 redefined class name=sample.FXMLDocumentController, count=1
Event: 164.554 Thread 0x0000000017ff8000 redefined class name=sample.FXMLDocumentController, count=2
Event: 391.246 Thread 0x0000000017ff8000 redefined class name=sample.FXMLDocumentController, count=3
Event: 492.167 Thread 0x0000000017ff8000 redefined class name=sample.FXMLDocumentController, count=4
Event: 541.985 Thread 0x0000000017ff8000 redefined class name=sample.FXMLDocumentController, count=5
Event: 579.344 Thread 0x0000000017ff8000 redefined class name=sample.FXMLDocumentController, count=6
Event: 787.205 Thread 0x0000000017ff8000 redefined class name=sample.FXMLDocumentController, count=7

Internal exceptions (10 events):
Event: 0.859 Thread 0x0000000003443800 Exception <a 'java/security/PrivilegedActionException'> (0x00000000d6536748) thrown at [C:\re\workspace\8-2-build-windows-amd64-cygwin\jdk8u181\11358\hotspot\src\share\vm\prims\jvm.cpp, line 1435]
Event: 0.859 Thread 0x0000000003443800 Exception <a 'java/security/PrivilegedActionException'> (0x00000000d6536958) thrown at [C:\re\workspace\8-2-build-windows-amd64-cygwin\jdk8u181\11358\hotspot\src\share\vm\prims\jvm.cpp, line 1435]
Event: 0.867 Thread 0x0000000003443800 Exception <a 'java/lang/NullPointerException'> (0x00000000d6538f50) thrown at [C:\re\workspace\8-2-build-windows-amd64-cygwin\jdk8u181\11358\hotspot\src\share\vm\interpreter\linkResolver.cpp, line 1185]
Event: 0.900 Thread 0x0000000003443800 Implicit null exception at 0x000000000365f01a to 0x000000000365f2a5
Event: 4.240 Thread 0x000000001a3aa800 Exception <a 'java/lang/NullPointerException'> (0x00000000d72f4b28) thrown at [C:\re\workspace\8-2-build-windows-amd64-cygwin\jdk8u181\11358\hotspot\src\share\vm\interpreter\linkResolver.cpp, line 1185]
Event: 4.240 Thread 0x000000001a3aa800 Exception <a 'java/lang/NullPointerException'> (0x00000000d72f4b28) thrown at [C:\re\workspace\8-2-build-windows-amd64-cygwin\jdk8u181\11358\hotspot\src\share\vm\prims\jvm.cpp, line 1439]
Event: 4.763 Thread 0x000000001a3aa800 Exception <a 'java/lang/ArrayIndexOutOfBoundsException'> (0x00000000d78f90f0) thrown at [C:\re\workspace\8-2-build-windows-amd64-cygwin\jdk8u181\11358\hotspot\src\share\vm\runtime\sharedRuntime.cpp, line 605]
Event: 4.764 Thread 0x000000001a3aa800 Exception <a 'java/lang/ArrayIndexOutOfBoundsException'> (0x00000000d78fb6a8) thrown at [C:\re\workspace\8-2-build-windows-amd64-cygwin\jdk8u181\11358\hotspot\src\share\vm\runtime\sharedRuntime.cpp, line 605]
Event: 4.764 Thread 0x000000001a3aa800 Exception <a 'java/lang/ArrayIndexOutOfBoundsException'> (0x00000000d78fd550) thrown at [C:\re\workspace\8-2-build-windows-amd64-cygwin\jdk8u181\11358\hotspot\src\share\vm\runtime\sharedRuntime.cpp, line 605]
Event: 4.877 Thread 0x000000001a3aa800 Exception <a 'java/lang/ArrayIndexOutOfBoundsException'> (0x00000000d7bf2510) thrown at [C:\re\workspace\8-2-build-windows-amd64-cygwin\jdk8u181\11358\hotspot\src\share\vm\runtime\sharedRuntime.cpp, line 605]

Events (10 events):
Event: 788.473 Executing VM operation: ForceSafepoint done
Event: 788.490 Executing VM operation: ForceSafepoint
Event: 788.490 Executing VM operation: ForceSafepoint done
Event: 1439.397 Executing VM operation: ChangeBreakpoints
Event: 1439.397 Executing VM operation: ChangeBreakpoints done
Event: 1439.414 Executing VM operation: ChangeBreakpoints
Event: 1439.414 Executing VM operation: ChangeBreakpoints done
Event: 1439.439 Executing VM operation: ChangeBreakpoints
Event: 1439.440 Executing VM operation: ChangeBreakpoints done
Event: 1473.390 Executing VM operation: GetOrSetLocal


Dynamic libraries:
0x00007ff795080000 - 0x00007ff7950b7000 	C:\Program Files\Java\jdk1.8.0_181\bin\java.exe
0x00007ff8911d0000 - 0x00007ff8913b1000 	C:\WINDOWS\SYSTEM32\ntdll.dll
0x00007ff890ca0000 - 0x00007ff890d52000 	C:\WINDOWS\System32\KERNEL32.DLL
0x00007ff88e0c0000 - 0x00007ff88e333000 	C:\WINDOWS\System32\KERNELBASE.dll
0x00007ff88e7e0000 - 0x00007ff88e881000 	C:\WINDOWS\System32\ADVAPI32.dll
0x00007ff890d60000 - 0x00007ff890dfe000 	C:\WINDOWS\System32\msvcrt.dll
0x00007ff890910000 - 0x00007ff89096b000 	C:\WINDOWS\System32\sechost.dll
0x00007ff88e670000 - 0x00007ff88e794000 	C:\WINDOWS\System32\RPCRT4.dll
0x00007ff890970000 - 0x00007ff890b00000 	C:\WINDOWS\System32\USER32.dll
0x00007ff88d6a0000 - 0x00007ff88d6c0000 	C:\WINDOWS\System32\win32u.dll
0x00007ff8901d0000 - 0x00007ff8901f8000 	C:\WINDOWS\System32\GDI32.dll
0x00007ff88e440000 - 0x00007ff88e5d2000 	C:\WINDOWS\System32\gdi32full.dll
0x00007ff88e020000 - 0x00007ff88e0bf000 	C:\WINDOWS\System32\msvcp_win.dll
0x00007ff88e340000 - 0x00007ff88e43a000 	C:\WINDOWS\System32\ucrtbase.dll
0x00007ff87d870000 - 0x00007ff87dad9000 	C:\WINDOWS\WinSxS\amd64_microsoft.windows.common-controls_6595b64144ccf1df_6.0.17134.345_none_fb429a5930656358\COMCTL32.dll
0x00007ff890e00000 - 0x00007ff891123000 	C:\WINDOWS\System32\combase.dll
0x00007ff88e5e0000 - 0x00007ff88e65a000 	C:\WINDOWS\System32\bcryptPrimitives.dll
0x00007ff88e7a0000 - 0x00007ff88e7cd000 	C:\WINDOWS\System32\IMM32.DLL
0x0000000070940000 - 0x0000000070a12000 	C:\Program Files\Java\jdk1.8.0_181\jre\bin\msvcr100.dll
0x000000006ec20000 - 0x000000006f4c2000 	C:\Program Files\Java\jdk1.8.0_181\jre\bin\server\jvm.dll
0x00007ff88e960000 - 0x00007ff88e968000 	C:\WINDOWS\System32\PSAPI.DLL
0x00007ff87ab70000 - 0x00007ff87ab79000 	C:\WINDOWS\SYSTEM32\WSOCK32.dll
0x00007ff891130000 - 0x00007ff89119c000 	C:\WINDOWS\System32\WS2_32.dll
0x00007ff87c0e0000 - 0x00007ff87c103000 	C:\WINDOWS\SYSTEM32\WINMM.dll
0x00007ff884850000 - 0x00007ff88485a000 	C:\WINDOWS\SYSTEM32\VERSION.dll
0x00007ff87c080000 - 0x00007ff87c0aa000 	C:\WINDOWS\SYSTEM32\winmmbase.dll
0x00007ff88d650000 - 0x00007ff88d699000 	C:\WINDOWS\System32\cfgmgr32.dll
0x0000000070bb0000 - 0x0000000070bbf000 	C:\Program Files\Java\jdk1.8.0_181\jre\bin\verify.dll
0x0000000070b80000 - 0x0000000070ba9000 	C:\Program Files\Java\jdk1.8.0_181\jre\bin\java.dll
0x000000006fe90000 - 0x000000006fec5000 	C:\Program Files\Java\jdk1.8.0_181\jre\bin\jdwp.dll
0x000000006fe80000 - 0x000000006fe88000 	C:\Program Files\Java\jdk1.8.0_181\jre\bin\npt.dll
0x0000000070ad0000 - 0x0000000070af3000 	C:\Program Files\Java\jdk1.8.0_181\jre\bin\instrument.dll
0x0000000070b60000 - 0x0000000070b76000 	C:\Program Files\Java\jdk1.8.0_181\jre\bin\zip.dll
0x00007ff88eaf0000 - 0x00007ff88ff2f000 	C:\WINDOWS\System32\SHELL32.dll
0x00007ff890770000 - 0x00007ff890819000 	C:\WINDOWS\System32\shcore.dll
0x00007ff88d910000 - 0x00007ff88e01d000 	C:\WINDOWS\System32\windows.storage.dll
0x00007ff890170000 - 0x00007ff8901c1000 	C:\WINDOWS\System32\shlwapi.dll
0x00007ff88d580000 - 0x00007ff88d591000 	C:\WINDOWS\System32\kernel.appcore.dll
0x00007ff88d4e0000 - 0x00007ff88d4ff000 	C:\WINDOWS\System32\profapi.dll
0x00007ff88d520000 - 0x00007ff88d56c000 	C:\WINDOWS\System32\powrprof.dll
0x00007ff88d570000 - 0x00007ff88d57a000 	C:\WINDOWS\System32\FLTLIB.DLL
0x000000006fe70000 - 0x000000006fe79000 	C:\Program Files\Java\jdk1.8.0_181\jre\bin\dt_socket.dll
0x00007ff88cd00000 - 0x00007ff88cd66000 	C:\WINDOWS\system32\mswsock.dll
0x0000000001440000 - 0x0000000001443000 	C:\Program Files\Java\jdk1.8.0_181\jre\bin\api-ms-win-core-console-l1-1-0.dll
0x0000000001450000 - 0x0000000001453000 	C:\Program Files\Java\jdk1.8.0_181\jre\bin\api-ms-win-core-datetime-l1-1-0.dll
0x0000000001460000 - 0x0000000001463000 	C:\Program Files\Java\jdk1.8.0_181\jre\bin\api-ms-win-core-debug-l1-1-0.dll
0x0000000001480000 - 0x0000000001483000 	C:\Program Files\Java\jdk1.8.0_181\jre\bin\api-ms-win-core-errorhandling-l1-1-0.dll
0x0000000003030000 - 0x0000000003034000 	C:\Program Files\Java\jdk1.8.0_181\jre\bin\api-ms-win-core-file-l1-1-0.dll
0x0000000003040000 - 0x0000000003043000 	C:\Program Files\Java\jdk1.8.0_181\jre\bin\api-ms-win-core-file-l1-2-0.dll
0x0000000003050000 - 0x0000000003053000 	C:\Program Files\Java\jdk1.8.0_181\jre\bin\api-ms-win-core-file-l2-1-0.dll
0x0000000003060000 - 0x0000000003063000 	C:\Program Files\Java\jdk1.8.0_181\jre\bin\api-ms-win-core-handle-l1-1-0.dll
0x0000000003070000 - 0x0000000003073000 	C:\Program Files\Java\jdk1.8.0_181\jre\bin\api-ms-win-core-heap-l1-1-0.dll
0x0000000003080000 - 0x0000000003083000 	C:\Program Files\Java\jdk1.8.0_181\jre\bin\api-ms-win-core-interlocked-l1-1-0.dll
0x0000000003090000 - 0x0000000003093000 	C:\Program Files\Java\jdk1.8.0_181\jre\bin\api-ms-win-core-libraryloader-l1-1-0.dll
0x00000000030a0000 - 0x00000000030a3000 	C:\Program Files\Java\jdk1.8.0_181\jre\bin\api-ms-win-core-localization-l1-2-0.dll
0x00000000030b0000 - 0x00000000030b3000 	C:\Program Files\Java\jdk1.8.0_181\jre\bin\api-ms-win-core-memory-l1-1-0.dll
0x00000000030c0000 - 0x00000000030c3000 	C:\Program Files\Java\jdk1.8.0_181\jre\bin\api-ms-win-core-namedpipe-l1-1-0.dll
0x00000000030d0000 - 0x00000000030d3000 	C:\Program Files\Java\jdk1.8.0_181\jre\bin\api-ms-win-core-processenvironment-l1-1-0.dll
0x00000000030e0000 - 0x00000000030e3000 	C:\Program Files\Java\jdk1.8.0_181\jre\bin\api-ms-win-core-processthreads-l1-1-0.dll
0x0000000003200000 - 0x0000000003203000 	C:\Program Files\Java\jdk1.8.0_181\jre\bin\api-ms-win-core-processthreads-l1-1-1.dll
0x0000000003210000 - 0x0000000003213000 	C:\Program Files\Java\jdk1.8.0_181\jre\bin\api-ms-win-core-profile-l1-1-0.dll
0x0000000003220000 - 0x0000000003223000 	C:\Program Files\Java\jdk1.8.0_181\jre\bin\api-ms-win-core-rtlsupport-l1-1-0.dll
0x000000001aa70000 - 0x000000001aa73000 	C:\Program Files\Java\jdk1.8.0_181\jre\bin\api-ms-win-core-string-l1-1-0.dll
0x000000001aa80000 - 0x000000001aa83000 	C:\Program Files\Java\jdk1.8.0_181\jre\bin\api-ms-win-core-synch-l1-1-0.dll
0x000000001aa90000 - 0x000000001aa93000 	C:\Program Files\Java\jdk1.8.0_181\jre\bin\api-ms-win-core-synch-l1-2-0.dll
0x000000001aaa0000 - 0x000000001aaa3000 	C:\Program Files\Java\jdk1.8.0_181\jre\bin\api-ms-win-core-sysinfo-l1-1-0.dll
0x000000001aab0000 - 0x000000001aab3000 	C:\Program Files\Java\jdk1.8.0_181\jre\bin\api-ms-win-core-timezone-l1-1-0.dll
0x000000001aac0000 - 0x000000001aac3000 	C:\Program Files\Java\jdk1.8.0_181\jre\bin\api-ms-win-core-util-l1-1-0.dll
0x000000001aad0000 - 0x000000001aad3000 	C:\Program Files\Java\jdk1.8.0_181\jre\bin\api-ms-win-crt-conio-l1-1-0.dll
0x000000001aae0000 - 0x000000001aae4000 	C:\Program Files\Java\jdk1.8.0_181\jre\bin\api-ms-win-crt-convert-l1-1-0.dll
0x000000001aaf0000 - 0x000000001aaf3000 	C:\Program Files\Java\jdk1.8.0_181\jre\bin\api-ms-win-crt-environment-l1-1-0.dll
0x000000001ab00000 - 0x000000001ab03000 	C:\Program Files\Java\jdk1.8.0_181\jre\bin\api-ms-win-crt-filesystem-l1-1-0.dll
0x000000001ab10000 - 0x000000001ab13000 	C:\Program Files\Java\jdk1.8.0_181\jre\bin\api-ms-win-crt-heap-l1-1-0.dll
0x000000001ab20000 - 0x000000001ab23000 	C:\Program Files\Java\jdk1.8.0_181\jre\bin\api-ms-win-crt-locale-l1-1-0.dll
0x000000001ab30000 - 0x000000001ab35000 	C:\Program Files\Java\jdk1.8.0_181\jre\bin\api-ms-win-crt-math-l1-1-0.dll
0x000000001ab40000 - 0x000000001ab45000 	C:\Program Files\Java\jdk1.8.0_181\jre\bin\api-ms-win-crt-multibyte-l1-1-0.dll
0x000000001ab50000 - 0x000000001ab60000 	C:\Program Files\Java\jdk1.8.0_181\jre\bin\api-ms-win-crt-private-l1-1-0.dll
0x000000001ab60000 - 0x000000001ab63000 	C:\Program Files\Java\jdk1.8.0_181\jre\bin\api-ms-win-crt-process-l1-1-0.dll
0x000000001ab70000 - 0x000000001ab74000 	C:\Program Files\Java\jdk1.8.0_181\jre\bin\api-ms-win-crt-runtime-l1-1-0.dll
0x000000001ab80000 - 0x000000001ab84000 	C:\Program Files\Java\jdk1.8.0_181\jre\bin\api-ms-win-crt-stdio-l1-1-0.dll
0x000000001ab90000 - 0x000000001ab94000 	C:\Program Files\Java\jdk1.8.0_181\jre\bin\api-ms-win-crt-string-l1-1-0.dll
0x000000001aba0000 - 0x000000001aba3000 	C:\Program Files\Java\jdk1.8.0_181\jre\bin\api-ms-win-crt-time-l1-1-0.dll
0x000000001abb0000 - 0x000000001abb3000 	C:\Program Files\Java\jdk1.8.0_181\jre\bin\api-ms-win-crt-utility-l1-1-0.dll
0x00007ff856880000 - 0x00007ff856976000 	C:\Program Files\Java\jdk1.8.0_181\jre\bin\ucrtbase.dll
0x00007ff885040000 - 0x00007ff885056000 	C:\Program Files\Java\jdk1.8.0_181\jre\bin\vcruntime140.dll
0x00007ff867aa0000 - 0x00007ff867b3c000 	C:\Program Files\Java\jdk1.8.0_181\jre\bin\msvcp140.dll
0x00007ff87b5f0000 - 0x00007ff87b641000 	C:\Program Files\Java\jdk1.8.0_181\jre\bin\concrt140.dll
0x0000000070aa0000 - 0x0000000070ac3000 	C:\Program Files\Java\jdk1.8.0_181\jre\bin\prism_d3d.dll
0x00007ff84b2a0000 - 0x00007ff84b437000 	C:\WINDOWS\system32\d3d9.dll
0x00007ff88b960000 - 0x00007ff88b989000 	C:\WINDOWS\SYSTEM32\dwmapi.dll
0x00007ff88b7e0000 - 0x00007ff88b878000 	C:\WINDOWS\system32\uxtheme.dll
0x00007ff84b0c0000 - 0x00007ff84b297000 	C:\WINDOWS\System32\DriverStore\FileRepository\k127153.inf_amd64_3f3936d8dec668b8\igdumdim64.dll
0x00007ff83f620000 - 0x00007ff84261d000 	C:\WINDOWS\System32\DriverStore\FileRepository\k127153.inf_amd64_3f3936d8dec668b8\igd9dxva64.dll
0x00007ff88ff90000 - 0x00007ff8900e1000 	C:\WINDOWS\System32\ole32.dll
0x00007ff88e890000 - 0x00007ff88e952000 	C:\WINDOWS\System32\OLEAUT32.dll
0x000000006fef0000 - 0x000000006ff39000 	C:\Program Files\Java\jdk1.8.0_181\jre\bin\glass.dll
0x00007ff890820000 - 0x00007ff89090d000 	C:\WINDOWS\System32\COMDLG32.dll
0x00007ff88e970000 - 0x00007ff88eae4000 	C:\WINDOWS\System32\MSCTF.dll
0x00007ff885540000 - 0x00007ff8872d5000 	C:\WINDOWS\System32\DriverStore\FileRepository\k127153.inf_amd64_3f3936d8dec668b8\igc64.dll
0x0000000070b20000 - 0x0000000070b34000 	C:\Program Files\Java\jdk1.8.0_181\jre\bin\javafx_font.dll
0x00007ff876c70000 - 0x00007ff876f8c000 	C:\WINDOWS\SYSTEM32\dwrite.dll
0x00007ff88bf20000 - 0x00007ff88c0e9000 	C:\WINDOWS\SYSTEM32\dbghelp.dll

VM Arguments:
jvm_args: -agentlib:jdwp=transport=dt_socket,address=127.0.0.1:54191,suspend=y,server=n -javaagent:C:\Users\BIGGRE~1\AppData\Local\Temp\captureAgent365jars\debugger-agent.jar=file:/C:/Users/BIGGRE~1/AppData/Local/Temp/capture.props -Dfile.encoding=UTF-8 
java_command: sample.Main
java_class_path (initial): C:\Program Files\Java\jdk1.8.0_181\jre\lib\charsets.jar;C:\Program Files\Java\jdk1.8.0_181\jre\lib\deploy.jar;C:\Program Files\Java\jdk1.8.0_181\jre\lib\ext\access-bridge-64.jar;C:\Program Files\Java\jdk1.8.0_181\jre\lib\ext\cldrdata.jar;C:\Program Files\Java\jdk1.8.0_181\jre\lib\ext\dnsns.jar;C:\Program Files\Java\jdk1.8.0_181\jre\lib\ext\jaccess.jar;C:\Program Files\Java\jdk1.8.0_181\jre\lib\ext\jfxrt.jar;C:\Program Files\Java\jdk1.8.0_181\jre\lib\ext\localedata.jar;C:\Program Files\Java\jdk1.8.0_181\jre\lib\ext\nashorn.jar;C:\Program Files\Java\jdk1.8.0_181\jre\lib\ext\sunec.jar;C:\Program Files\Java\jdk1.8.0_181\jre\lib\ext\sunjce_provider.jar;C:\Program Files\Java\jdk1.8.0_181\jre\lib\ext\sunmscapi.jar;C:\Program Files\Java\jdk1.8.0_181\jre\lib\ext\sunpkcs11.jar;C:\Program Files\Java\jdk1.8.0_181\jre\lib\ext\zipfs.jar;C:\Program Files\Java\jdk1.8.0_181\jre\lib\javaws.jar;C:\Program Files\Java\jdk1.8.0_181\jre\lib\jce.jar;C:\Program Files\Java\jdk1.8.0_181\jre\lib\jfr.jar;C:\Program Files\Java\jdk1.8.0_181\jre\lib\jfxswt.jar;C:\Program Files\Java\jdk1.8.0_181\jre\lib\jsse.jar;C:\Program Files\Java\jdk1.8.0_181\jre\lib\management-agent.jar;C:\Program Files\Java\jdk1.8.0_181\jre\lib\plugin.jar;C:\Program Files\Java\jdk1.8.0_181\jre\lib\resources.jar;C:\Program Files\Java\jdk1.8.0_181\jre\lib\rt.jar;C:\Users\Big Green\IdeaProjects\ResortProject\out\production\ResortProject;C:\Program Files\JetBrains\IntelliJ IDEA 2018.2.3\lib\idea_rt.jar;C:\Users\BIGGRE~1\AppData\Local\Temp\captureAgent365jars\debugger-agent.jar
Launcher Type: SUN_STANDARD

Environment Variables:
PATH=C:\Program Files (x86)\Common Files\Oracle\Java\javapath;C:\Program Files (x86)\Intel\Intel(R) Management Engine Components\iCLS\;C:\Program Files\Intel\Intel(R) Management Engine Components\iCLS\;C:\WINDOWS\system32;C:\WINDOWS;C:\WINDOWS\System32\Wbem;C:\WINDOWS\System32\WindowsPowerShell\v1.0\;C:\Program Files (x86)\Intel\Intel(R) Management Engine Components\DAL;C:\Program Files\Intel\Intel(R) Management Engine Components\DAL;C:\Program Files (x86)\Intel\Intel(R) Management Engine Components\IPT;C:\Program Files\Intel\Intel(R) Management Engine Components\IPT;C:\WINDOWS\System32\OpenSSH\;C:\Users\Big Green\AppData\Local\Microsoft\WindowsApps;C:\Users\Big Green\AppData\Local\Programs\Git\cmd;C:\Users\Big Green\AppData\Local\GitHubDesktop\bin;%USERPROFILE%\AppData\Local\Microsoft\WindowsApps;
USERNAME=Big Green
OS=Windows_NT
PROCESSOR_IDENTIFIER=Intel64 Family 6 Model 142 Stepping 9, GenuineIntel



---------------  S Y S T E M  ---------------

OS: Windows 10.0 , 64 bit Build 17134 (10.0.17134.1)

CPU:total 4 (initial active 4) (2 cores per cpu, 2 threads per core) family 6 model 142 stepping 9, cmov, cx8, fxsr, mmx, sse, sse2, sse3, ssse3, sse4.1, sse4.2, popcnt, avx, avx2, aes, clmul, erms, 3dnowpref, lzcnt, ht, tsc, tscinvbit, bmi1, bmi2, adx

Memory: 4k page, physical 8251488k(1522388k free), swap 22614868k(4448816k free)

vm_info: Java HotSpot(TM) 64-Bit Server VM (25.181-b13) for windows-amd64 JRE (1.8.0_181-b13), built on Jul  7 2018 04:01:33 by "java_re" with MS VC++ 10.0 (VS2010)

time: Mon Oct 22 20:45:39 2018
elapsed time: 1473 seconds (0d 0h 24m 33s)

